Arguments: 
  /home/gustavo/.nvm/versions/node/v14.18.1/bin/node /home/gustavo/.nvm/versions/node/v14.18.1/bin/yarn

PATH: 
  /home/gustavo/.asdf/shims:/home/gustavo/.asdf/bin:/home/gustavo/.nvm/versions/node/v14.18.1/bin:/usr/local/sbin:/usr/local/bin:/usr/sbin:/usr/bin:/sbin:/bin:/usr/games:/usr/local/games:/snap/bin

Yarn version: 
  1.22.17

Node version: 
  14.18.1

Platform: 
  linux x64

Trace: 
  Error: getaddrinfo EAI_AGAIN registry.yarnpkg.com
      at GetAddrInfoReqWrap.onlookup [as oncomplete] (dns.js:71:26)

npm manifest: 
  {
    "name": "pollutants-recycling",
    "version": "1.0.0",
    "main": "index.js",
    "repository": "git@github.com:lcsreiser/pollutants-recycling.git",
    "author": "Lucas <lcssreiser@gmail.com>",
    "license": "MIT",
    "scripts": {
      "dev": "ts-node-dev --files --rs src/server.ts",
      "start": "node dist/server.js",
      "build": "tsc",
      "typeorm": "typeorm-ts-node-commonjs",
      "migration:create": "typeorm-ts-node-commonjs migration:create",
      "migration:generate": "typeorm-ts-node-commonjs migration:generate -d ./src/data-source.ts",
      "migration:run": "typeorm-ts-node-commonjs migration:run -d ./src/data-source.ts"
    },
    "devDependencies": {
      "@types/express": "^4.17.13",
      "@types/node": "^17.0.40",
      "ts-node-dev": "^2.0.0",
      "typescript": "^4.7.3"
    },
    "dependencies": {
      "dotenv": "^16.0.1",
      "express": "^4.18.1",
      "express-async-errors": "^3.1.1",
      "pg": "^8.7.3",
      "reflect-metadata": "^0.1.13",
      "typeorm": "^0.3.6"
    }
  }

yarn manifest: 
  No manifest

Lockfile: 
  No lockfile
